14:59:06.333 [Thread-0] DEBUG com.prices.FileProcessor - Line read = CUSIP111
14:59:06.336 [Thread-0] DEBUG com.prices.FileProcessor - Line read = 100.04
14:59:06.337 [Thread-0] DEBUG com.prices.FileProcessor - Line read = 95.09
14:59:06.337 [pool-1-thread-1] DEBUG com.prices.SecurityTask - Received line  = CUSIP111
14:59:06.337 [Thread-0] DEBUG com.prices.FileProcessor - Line read = 99.90
14:59:06.337 [Thread-0] DEBUG com.prices.FileProcessor - Line read = CUSIP222
14:59:06.337 [Thread-0] DEBUG com.prices.FileProcessor - Line read = 10.10
14:59:06.337 [Thread-0] DEBUG com.prices.FileProcessor - Line read = 10.30
14:59:06.337 [Thread-0] DEBUG com.prices.FileProcessor - Line read = CUSIP333
14:59:06.338 [Thread-0] DEBUG com.prices.FileProcessor - Line read = 30.33
14:59:06.341 [pool-1-thread-1] DEBUG com.prices.SecurityTask - Received line  = 100.04
14:59:06.345 [Thread-0] DEBUG com.prices.FileProcessor - Line read = 32.55
14:59:06.345 [Thread-0] DEBUG com.prices.FileProcessor - Line read = 33.01
14:59:06.345 [Thread-0] DEBUG com.prices.FileProcessor - Line read = 33.00
14:59:06.345 [Thread-0] DEBUG com.prices.FileProcessor - Line read = CUSIP444
14:59:06.345 [Thread-0] DEBUG com.prices.FileProcessor - Line read = 44.00
14:59:06.347 [pool-1-thread-1] DEBUG com.prices.SecurityTask - Received line  = 95.09
14:59:06.347 [pool-1-thread-1] DEBUG com.prices.SecurityTask - Received line  = 99.90
14:59:06.347 [pool-1-thread-1] DEBUG com.prices.SecurityTask - Received line  = CUSIP222
14:59:06.348 [pool-1-thread-1] DEBUG com.prices.SecurityTask - Received line  = 10.10
14:59:06.348 [pool-1-thread-1] DEBUG com.prices.SecurityTask - Received line  = 10.30
14:59:06.348 [pool-1-thread-1] DEBUG com.prices.SecurityTask - Received line  = CUSIP333
14:59:06.348 [pool-1-thread-1] DEBUG com.prices.SecurityTask - Received line  = 30.33
14:59:06.348 [pool-1-thread-1] DEBUG com.prices.SecurityTask - Received line  = 32.55
14:59:06.349 [pool-1-thread-1] DEBUG com.prices.SecurityTask - Received line  = 33.01
14:59:06.349 [pool-1-thread-1] DEBUG com.prices.SecurityTask - Received line  = 33.00
14:59:06.349 [pool-1-thread-1] DEBUG com.prices.SecurityTask - Received line  = CUSIP444
14:59:06.350 [pool-1-thread-1] DEBUG com.prices.SecurityTask - Received line  = 44.00
14:59:06.350 [pool-1-thread-1] DEBUG com.prices.SecurityTask - Received line  = FILE_EOF
15:07:24.448 [Thread-0] DEBUG com.prices.FileProcessor - Line read = CUSIP111
15:07:24.453 [Thread-0] DEBUG com.prices.FileProcessor - Line read = 100.04
15:07:24.453 [Thread-0] DEBUG com.prices.FileProcessor - Line read = 95.09
15:07:24.453 [Thread-0] DEBUG com.prices.FileProcessor - Line read = 99.90
15:07:24.453 [pool-1-thread-1] DEBUG com.prices.SecurityTask - Received line  = CUSIP111
15:07:24.453 [Thread-0] DEBUG com.prices.FileProcessor - Line read = CUSIP222
15:07:24.453 [Thread-0] DEBUG com.prices.FileProcessor - Line read = 10.10
15:07:24.453 [Thread-0] DEBUG com.prices.FileProcessor - Line read = 10.30
15:07:24.453 [Thread-0] DEBUG com.prices.FileProcessor - Line read = CUSIP333
15:07:24.453 [Thread-0] DEBUG com.prices.FileProcessor - Line read = 30.33
15:07:24.453 [Thread-0] DEBUG com.prices.FileProcessor - Line read = 32.55
15:07:24.453 [Thread-0] DEBUG com.prices.FileProcessor - Line read = 33.01
15:07:24.454 [Thread-0] DEBUG com.prices.FileProcessor - Line read = 33.00
15:07:24.454 [Thread-0] DEBUG com.prices.FileProcessor - Line read = CUSIP444
15:07:24.454 [Thread-0] DEBUG com.prices.FileProcessor - Line read = 44.00
15:07:24.457 [pool-1-thread-1] DEBUG com.prices.SecurityTask - Received line  = 100.04
15:07:24.459 [pool-1-thread-1] DEBUG com.prices.SecurityTask - Received line  = 95.09
15:07:24.459 [pool-1-thread-1] DEBUG com.prices.SecurityTask - Received line  = 99.90
15:07:24.459 [pool-1-thread-1] DEBUG com.prices.SecurityTask - Received line  = CUSIP222
15:07:24.460 [pool-1-thread-1] DEBUG com.prices.SecurityTask - Received line  = 10.10
15:07:24.460 [pool-1-thread-1] DEBUG com.prices.SecurityTask - Received line  = 10.30
15:07:24.460 [pool-1-thread-1] DEBUG com.prices.SecurityTask - Received line  = CUSIP333
15:07:24.460 [pool-1-thread-1] DEBUG com.prices.SecurityTask - Received line  = 30.33
15:07:24.460 [pool-1-thread-1] DEBUG com.prices.SecurityTask - Received line  = 32.55
15:07:24.460 [pool-1-thread-1] DEBUG com.prices.SecurityTask - Received line  = 33.01
15:07:24.460 [pool-1-thread-1] DEBUG com.prices.SecurityTask - Received line  = 33.00
15:07:24.460 [pool-1-thread-1] DEBUG com.prices.SecurityTask - Received line  = CUSIP444
15:07:24.460 [pool-1-thread-1] DEBUG com.prices.SecurityTask - Received line  = 44.00
15:07:24.460 [pool-1-thread-1] DEBUG com.prices.SecurityTask - Received line  = FILE_EOF
15:13:40.739 [Thread-0] DEBUG com.prices.FileProcessor - Line read = CUSIP111
15:13:40.742 [Thread-0] DEBUG com.prices.FileProcessor - Line read = 100.04
15:13:40.742 [Thread-0] DEBUG com.prices.FileProcessor - Line read = 95.09
15:13:40.742 [Thread-0] DEBUG com.prices.FileProcessor - Line read = 99.90
15:13:40.742 [Thread-0] DEBUG com.prices.FileProcessor - Line read = CUSIP222
15:13:40.742 [Thread-0] DEBUG com.prices.FileProcessor - Line read = 10.10
15:13:40.742 [Thread-0] DEBUG com.prices.FileProcessor - Line read = 10.30
15:13:40.742 [Thread-0] DEBUG com.prices.FileProcessor - Line read = CUSIP333
15:13:40.742 [Thread-0] DEBUG com.prices.FileProcessor - Line read = 30.33
15:13:40.742 [Thread-0] DEBUG com.prices.FileProcessor - Line read = 32.55
15:13:40.742 [Thread-0] DEBUG com.prices.FileProcessor - Line read = 33.01
15:13:40.742 [Thread-0] DEBUG com.prices.FileProcessor - Line read = 33.00
15:13:40.743 [Thread-0] DEBUG com.prices.FileProcessor - Line read = CUSIP444
15:13:40.743 [Thread-0] DEBUG com.prices.FileProcessor - Line read = 44.00
15:13:40.743 [pool-1-thread-1] DEBUG com.prices.SecurityTask - Received line  = CUSIP111
15:13:40.747 [pool-1-thread-1] DEBUG com.prices.SecurityTask - Received line  = 100.04
15:13:40.749 [pool-1-thread-1] DEBUG com.prices.SecurityTask - Received line  = 95.09
15:13:40.749 [pool-1-thread-1] DEBUG com.prices.SecurityTask - Received line  = 99.90
15:13:40.749 [pool-1-thread-1] DEBUG com.prices.SecurityTask - Received line  = CUSIP222
15:13:40.749 [pool-1-thread-1] DEBUG com.prices.SecurityTask - Received line  = 10.10
15:13:40.749 [pool-1-thread-1] DEBUG com.prices.SecurityTask - Received line  = 10.30
15:13:40.750 [pool-1-thread-1] DEBUG com.prices.SecurityTask - Received line  = CUSIP333
15:13:40.750 [pool-1-thread-1] DEBUG com.prices.SecurityTask - Received line  = 30.33
15:13:40.750 [pool-1-thread-1] DEBUG com.prices.SecurityTask - Received line  = 32.55
15:13:40.750 [pool-1-thread-1] DEBUG com.prices.SecurityTask - Received line  = 33.01
15:13:40.750 [pool-1-thread-1] DEBUG com.prices.SecurityTask - Received line  = 33.00
15:13:40.750 [pool-1-thread-1] DEBUG com.prices.SecurityTask - Received line  = CUSIP444
15:13:40.750 [pool-1-thread-1] DEBUG com.prices.SecurityTask - Received line  = 44.00
15:13:40.750 [pool-1-thread-1] DEBUG com.prices.SecurityTask - Received line  = FILE_EOF
15:24:13.918 [Thread-0] DEBUG com.prices.FileProcessor - Line read = CUSIP111
15:24:13.923 [Thread-0] DEBUG com.prices.FileProcessor - Line read = 100.04
15:24:13.923 [Thread-0] DEBUG com.prices.FileProcessor - Line read = 95.09
15:24:13.923 [Thread-0] DEBUG com.prices.FileProcessor - Line read = 99.90
15:24:13.923 [Thread-0] DEBUG com.prices.FileProcessor - Line read = CUSIP222
15:24:13.923 [pool-1-thread-1] DEBUG com.prices.SecurityTask - Received line  = CUSIP111
15:24:13.923 [Thread-0] DEBUG com.prices.FileProcessor - Line read = 10.10
15:24:13.923 [Thread-0] DEBUG com.prices.FileProcessor - Line read = 10.30
15:24:13.923 [Thread-0] DEBUG com.prices.FileProcessor - Line read = CUSIP333
15:24:13.923 [Thread-0] DEBUG com.prices.FileProcessor - Line read = 30.33
15:24:13.923 [Thread-0] DEBUG com.prices.FileProcessor - Line read = 32.55
15:24:13.923 [Thread-0] DEBUG com.prices.FileProcessor - Line read = 33.01
15:24:13.923 [Thread-0] DEBUG com.prices.FileProcessor - Line read = 33.00
15:24:13.923 [Thread-0] DEBUG com.prices.FileProcessor - Line read = CUSIP444
15:24:13.923 [Thread-0] DEBUG com.prices.FileProcessor - Line read = 44.00
15:24:13.928 [pool-1-thread-1] DEBUG com.prices.SecurityTask - Received line  = 100.04
15:24:13.930 [pool-1-thread-1] DEBUG com.prices.SecurityTask - Received line  = 95.09
15:24:13.930 [pool-1-thread-1] DEBUG com.prices.SecurityTask - Received line  = 99.90
15:24:13.930 [pool-1-thread-1] DEBUG com.prices.SecurityTask - Received line  = CUSIP222
15:24:13.931 [pool-1-thread-1] DEBUG com.prices.SecurityTask - Received line  = 10.10
15:24:13.931 [pool-1-thread-1] DEBUG com.prices.SecurityTask - Received line  = 10.30
15:24:13.931 [pool-1-thread-1] DEBUG com.prices.SecurityTask - Received line  = CUSIP333
15:24:13.931 [pool-1-thread-1] DEBUG com.prices.SecurityTask - Received line  = 30.33
15:24:13.931 [pool-1-thread-1] DEBUG com.prices.SecurityTask - Received line  = 32.55
15:24:13.931 [pool-1-thread-1] DEBUG com.prices.SecurityTask - Received line  = 33.01
15:24:13.931 [pool-1-thread-1] DEBUG com.prices.SecurityTask - Received line  = 33.00
15:24:13.931 [pool-1-thread-1] DEBUG com.prices.SecurityTask - Received line  = CUSIP444
15:24:13.931 [pool-1-thread-1] DEBUG com.prices.SecurityTask - Received line  = 44.00
15:24:13.931 [pool-1-thread-1] DEBUG com.prices.SecurityTask - Received line  = FILE_EOF
15:28:28.428 [Thread-0] DEBUG com.prices.FileProcessor - Line read = CUSIP111
15:28:28.431 [Thread-0] DEBUG com.prices.FileProcessor - Line read = 100.04
15:28:28.431 [Thread-0] DEBUG com.prices.FileProcessor - Line read = 95.09
15:28:28.431 [Thread-0] DEBUG com.prices.FileProcessor - Line read = 99.90
15:28:28.431 [pool-1-thread-1] DEBUG com.prices.SecurityTask - Received line  = CUSIP111
15:28:28.431 [Thread-0] DEBUG com.prices.FileProcessor - Line read = CUSIP222
15:28:28.431 [Thread-0] DEBUG com.prices.FileProcessor - Line read = 10.10
15:28:28.431 [Thread-0] DEBUG com.prices.FileProcessor - Line read = 10.30
15:28:28.431 [Thread-0] DEBUG com.prices.FileProcessor - Line read = CUSIP333
15:28:28.431 [Thread-0] DEBUG com.prices.FileProcessor - Line read = 30.33
15:28:28.431 [Thread-0] DEBUG com.prices.FileProcessor - Line read = 32.55
15:28:28.431 [Thread-0] DEBUG com.prices.FileProcessor - Line read = 33.01
15:28:28.431 [Thread-0] DEBUG com.prices.FileProcessor - Line read = 33.00
15:28:28.431 [Thread-0] DEBUG com.prices.FileProcessor - Line read = CUSIP444
15:28:28.431 [Thread-0] DEBUG com.prices.FileProcessor - Line read = 44.00
15:28:28.437 [pool-1-thread-1] DEBUG com.prices.SecurityTask - Received line  = 100.04
15:28:28.439 [pool-1-thread-1] DEBUG com.prices.SecurityTask - Received line  = 95.09
15:28:28.439 [pool-1-thread-1] DEBUG com.prices.SecurityTask - Received line  = 99.90
15:28:28.440 [pool-1-thread-1] DEBUG com.prices.SecurityTask - Received line  = CUSIP222
15:28:28.440 [pool-1-thread-1] DEBUG com.prices.SecurityTask - Received line  = 10.10
15:28:28.440 [pool-1-thread-1] DEBUG com.prices.SecurityTask - Received line  = 10.30
15:28:28.440 [pool-1-thread-1] DEBUG com.prices.SecurityTask - Received line  = CUSIP333
15:28:28.440 [pool-1-thread-1] DEBUG com.prices.SecurityTask - Received line  = 30.33
15:28:28.440 [pool-1-thread-1] DEBUG com.prices.SecurityTask - Received line  = 32.55
15:28:28.440 [pool-1-thread-1] DEBUG com.prices.SecurityTask - Received line  = 33.01
15:28:28.440 [pool-1-thread-1] DEBUG com.prices.SecurityTask - Received line  = 33.00
15:28:28.440 [pool-1-thread-1] DEBUG com.prices.SecurityTask - Received line  = CUSIP444
15:28:28.441 [pool-1-thread-1] DEBUG com.prices.SecurityTask - Received line  = 44.00
15:28:28.441 [pool-1-thread-1] DEBUG com.prices.SecurityTask - Received line  = FILE_EOF
15:32:28.342 [Thread-0] DEBUG com.prices.FileProcessor - Line read = CUSIP111
15:32:28.345 [Thread-0] DEBUG com.prices.FileProcessor - Line read = 100.04
15:32:28.346 [Thread-0] DEBUG com.prices.FileProcessor - Line read = 95.09
15:32:28.346 [Thread-0] DEBUG com.prices.FileProcessor - Line read = 99.90
15:32:28.346 [pool-1-thread-1] DEBUG com.prices.SecurityTask - Received line  = CUSIP111
15:32:28.346 [Thread-0] DEBUG com.prices.FileProcessor - Line read = CUSIP222
15:32:28.346 [Thread-0] DEBUG com.prices.FileProcessor - Line read = 10.10
15:32:28.346 [Thread-0] DEBUG com.prices.FileProcessor - Line read = 10.30
15:32:28.346 [Thread-0] DEBUG com.prices.FileProcessor - Line read = CUSIP333
15:32:28.346 [Thread-0] DEBUG com.prices.FileProcessor - Line read = 30.33
15:32:28.346 [Thread-0] DEBUG com.prices.FileProcessor - Line read = 32.55
15:32:28.346 [Thread-0] DEBUG com.prices.FileProcessor - Line read = 33.01
15:32:28.346 [Thread-0] DEBUG com.prices.FileProcessor - Line read = 33.00
15:32:28.346 [Thread-0] DEBUG com.prices.FileProcessor - Line read = CUSIP444
15:32:28.346 [Thread-0] DEBUG com.prices.FileProcessor - Line read = 44.00
15:32:28.353 [pool-1-thread-1] DEBUG com.prices.SecurityTask - Received line  = 100.04
15:32:28.355 [pool-1-thread-1] DEBUG com.prices.SecurityTask - Received line  = 95.09
15:32:28.355 [pool-1-thread-1] DEBUG com.prices.SecurityTask - Received line  = 99.90
15:32:28.355 [pool-1-thread-1] DEBUG com.prices.SecurityTask - Received line  = CUSIP222
15:32:28.355 [pool-1-thread-1] DEBUG com.prices.SecurityTask - Received line  = 10.10
15:32:28.355 [pool-1-thread-1] DEBUG com.prices.SecurityTask - Received line  = 10.30
15:32:28.355 [pool-1-thread-1] DEBUG com.prices.SecurityTask - Received line  = CUSIP333
15:32:28.355 [pool-1-thread-1] DEBUG com.prices.SecurityTask - Received line  = 30.33
15:32:28.355 [pool-1-thread-1] DEBUG com.prices.SecurityTask - Received line  = 32.55
15:32:28.355 [pool-1-thread-1] DEBUG com.prices.SecurityTask - Received line  = 33.01
15:32:28.355 [pool-1-thread-1] DEBUG com.prices.SecurityTask - Received line  = 33.00
15:32:28.355 [pool-1-thread-1] DEBUG com.prices.SecurityTask - Received line  = CUSIP444
15:32:28.356 [pool-1-thread-1] DEBUG com.prices.SecurityTask - Received line  = 44.00
15:32:28.356 [pool-1-thread-1] DEBUG com.prices.SecurityTask - Received line  = FILE_EOF
